The system is: Linux - 4.4.59-boot2docker - x86_64
Compiling the C compiler identification source file "CMakeCCompilerId.c" succeeded.
Compiler: /usr/bin/cc 
Build flags: 
Id flags: 

The output was:
0


Compilation of the C compiler identification source "CMakeCCompilerId.c" produced "a.out"

The C compiler identification is GNU, found in "/MyFolder/dlib-19.4/tools/python/build/CMakeFiles/2.8.12.2/CompilerIdC/a.out"

Compiling the CXX compiler identification source file "CMakeCXXCompilerId.cpp" succeeded.
Compiler: /usr/bin/c++ 
Build flags: 
Id flags: 

The output was:
0


Compilation of the CXX compiler identification source "CMakeCXXCompilerId.cpp" produced "a.out"

The CXX compiler identification is GNU, found in "/MyFolder/dlib-19.4/tools/python/build/CMakeFiles/2.8.12.2/CompilerIdCXX/a.out"

Determining if the C compiler works passed with the following output:
Change Dir: /MyFolder/dlib-19.4/tools/python/build/CMakeFiles/CMakeTmp

Run Build Command:/usr/bin/make "cmTryCompileExec1050413405/fast"
/usr/bin/make -f CMakeFiles/cmTryCompileExec1050413405.dir/build.make CMakeFiles/cmTryCompileExec1050413405.dir/build
make[1]: ディレクトリ `/MyFolder/dlib-19.4/tools/python/build/CMakeFiles/CMakeTmp' に入ります
/usr/bin/cmake -E cmake_progress_report /MyFolder/dlib-19.4/tools/python/build/CMakeFiles/CMakeTmp/CMakeFiles 1
Building C object CMakeFiles/cmTryCompileExec1050413405.dir/testCCompiler.c.o
/usr/bin/cc    -o CMakeFiles/cmTryCompileExec1050413405.dir/testCCompiler.c.o   -c /MyFolder/dlib-19.4/tools/python/build/CMakeFiles/CMakeTmp/testCCompiler.c
Linking C executable cmTryCompileExec1050413405
/usr/bin/cmake -E cmake_link_script CMakeFiles/cmTryCompileExec1050413405.dir/link.txt --verbose=1
/usr/bin/cc       CMakeFiles/cmTryCompileExec1050413405.dir/testCCompiler.c.o  -o cmTryCompileExec1050413405 -rdynamic 
make[1]: ディレクトリ `/MyFolder/dlib-19.4/tools/python/build/CMakeFiles/CMakeTmp' から出ます


Detecting C compiler ABI info compiled with the following output:
Change Dir: /MyFolder/dlib-19.4/tools/python/build/CMakeFiles/CMakeTmp

Run Build Command:/usr/bin/make "cmTryCompileExec2090303254/fast"
/usr/bin/make -f CMakeFiles/cmTryCompileExec2090303254.dir/build.make CMakeFiles/cmTryCompileExec2090303254.dir/build
make[1]: ディレクトリ `/MyFolder/dlib-19.4/tools/python/build/CMakeFiles/CMakeTmp' に入ります
make[1]: 警告: ファイル `CMakeFiles/cmTryCompileExec2090303254.dir/progress.make' の修正時刻が 0.039 秒分未来の時刻です
/usr/bin/cmake -E cmake_progress_report /MyFolder/dlib-19.4/tools/python/build/CMakeFiles/CMakeTmp/CMakeFiles 1
Building C object CMakeFiles/cmTryCompileExec2090303254.dir/CMakeCCompilerABI.c.o
/usr/bin/cc    -o CMakeFiles/cmTryCompileExec2090303254.dir/CMakeCCompilerABI.c.o   -c /usr/share/cmake-2.8/Modules/CMakeCCompilerABI.c
Linking C executable cmTryCompileExec2090303254
/usr/bin/cmake -E cmake_link_script CMakeFiles/cmTryCompileExec2090303254.dir/link.txt --verbose=1
/usr/bin/cc     -v CMakeFiles/cmTryCompileExec2090303254.dir/CMakeCCompilerABI.c.o  -o cmTryCompileExec2090303254 -rdynamic  
Using built-in specs.
COLLECT_GCC=/usr/bin/cc
COLLECT_LTO_WRAPPER=/usr/lib/gcc/x86_64-linux-gnu/4.8/lto-wrapper
Target: x86_64-linux-gnu
Configured with: ../src/configure -v --with-pkgversion='Ubuntu 4.8.4-2ubuntu1~14.04.3' --with-bugurl=file:///usr/share/doc/gcc-4.8/README.Bugs --enable-languages=c,c++,java,go,d,fortran,objc,obj-c++ --prefix=/usr --program-suffix=-4.8 --enable-shared --enable-linker-build-id --libexecdir=/usr/lib --without-included-gettext --enable-threads=posix --with-gxx-include-dir=/usr/include/c++/4.8 --libdir=/usr/lib --enable-nls --with-sysroot=/ --enable-clocale=gnu --enable-libstdcxx-debug --enable-libstdcxx-time=yes --enable-gnu-unique-object --disable-libmudflap --enable-plugin --with-system-zlib --disable-browser-plugin --enable-java-awt=gtk --enable-gtk-cairo --with-java-home=/usr/lib/jvm/java-1.5.0-gcj-4.8-amd64/jre --enable-java-home --with-jvm-root-dir=/usr/lib/jvm/java-1.5.0-gcj-4.8-amd64 --with-jvm-jar-dir=/usr/lib/jvm-exports/java-1.5.0-gcj-4.8-amd64 --with-arch-directory=amd64 --with-ecj-jar=/usr/share/java/eclipse-ecj.jar --enable-objc-gc --enable-multiarch --disable-werror --with-arch-32=i686 --with-abi=m64 --with-multilib-list=m32,m64,mx32 --with-tune=generic --enable-checking=release --build=x86_64-linux-gnu --host=x86_64-linux-gnu --target=x86_64-linux-gnu
Thread model: posix
gcc version 4.8.4 (Ubuntu 4.8.4-2ubuntu1~14.04.3) 
COMPILER_PATH=/usr/lib/gcc/x86_64-linux-gnu/4.8/:/usr/lib/gcc/x86_64-linux-gnu/4.8/:/usr/lib/gcc/x86_64-linux-gnu/:/usr/lib/gcc/x86_64-linux-gnu/4.8/:/usr/lib/gcc/x86_64-linux-gnu/
LIBRARY_PATH=/usr/lib/gcc/x86_64-linux-gnu/4.8/:/usr/lib/gcc/x86_64-linux-gnu/4.8/../../../x86_64-linux-gnu/:/usr/lib/gcc/x86_64-linux-gnu/4.8/../../../../lib/:/lib/x86_64-linux-gnu/:/lib/../lib/:/usr/lib/x86_64-linux-gnu/:/usr/lib/../lib/:/usr/lib/gcc/x86_64-linux-gnu/4.8/../../../:/lib/:/usr/lib/
COLLECT_GCC_OPTIONS='-v' '-o' 'cmTryCompileExec2090303254' '-rdynamic' '-mtune=generic' '-march=x86-64'
 /usr/lib/gcc/x86_64-linux-gnu/4.8/collect2 --sysroot=/ --build-id --eh-frame-hdr -m elf_x86_64 --hash-style=gnu --as-needed -export-dynamic -dynamic-linker /lib64/ld-linux-x86-64.so.2 -z relro -o cmTryCompileExec2090303254 /usr/lib/gcc/x86_64-linux-gnu/4.8/../../../x86_64-linux-gnu/crt1.o /usr/lib/gcc/x86_64-linux-gnu/4.8/../../../x86_64-linux-gnu/crti.o /usr/lib/gcc/x86_64-linux-gnu/4.8/crtbegin.o -L/usr/lib/gcc/x86_64-linux-gnu/4.8 -L/usr/lib/gcc/x86_64-linux-gnu/4.8/../../../x86_64-linux-gnu -L/usr/lib/gcc/x86_64-linux-gnu/4.8/../../../../lib -L/lib/x86_64-linux-gnu -L/lib/../lib -L/usr/lib/x86_64-linux-gnu -L/usr/lib/../lib -L/usr/lib/gcc/x86_64-linux-gnu/4.8/../../.. CMakeFiles/cmTryCompileExec2090303254.dir/CMakeCCompilerABI.c.o -lgcc --as-needed -lgcc_s --no-as-needed -lc -lgcc --as-needed -lgcc_s --no-as-needed /usr/lib/gcc/x86_64-linux-gnu/4.8/crtend.o /usr/lib/gcc/x86_64-linux-gnu/4.8/../../../x86_64-linux-gnu/crtn.o
make[1]: 警告:  時刻のずれを検出. 不完全なビルド結果になるかもしれません.
make[1]: ディレクトリ `/MyFolder/dlib-19.4/tools/python/build/CMakeFiles/CMakeTmp' から出ます


Parsed C implicit link information from above output:
  link line regex: [^( *|.*[/\])(ld|([^/\]+-)?ld|collect2)[^/\]*( |$)]
  ignore line: [Change Dir: /MyFolder/dlib-19.4/tools/python/build/CMakeFiles/CMakeTmp]
  ignore line: []
  ignore line: [Run Build Command:/usr/bin/make "cmTryCompileExec2090303254/fast"]
  ignore line: [/usr/bin/make -f CMakeFiles/cmTryCompileExec2090303254.dir/build.make CMakeFiles/cmTryCompileExec2090303254.dir/build]
  ignore line: [make[1]: ディレクトリ `/MyFolder/dlib-19.4/tools/python/build/CMakeFiles/CMakeTmp' に入ります]
  ignore line: [make[1]: 警告: ファイル `CMakeFiles/cmTryCompileExec2090303254.dir/progress.make' の修正時刻が 0.039 秒分未来の時刻です]
  ignore line: [/usr/bin/cmake -E cmake_progress_report /MyFolder/dlib-19.4/tools/python/build/CMakeFiles/CMakeTmp/CMakeFiles 1]
  ignore line: [Building C object CMakeFiles/cmTryCompileExec2090303254.dir/CMakeCCompilerABI.c.o]
  ignore line: [/usr/bin/cc    -o CMakeFiles/cmTryCompileExec2090303254.dir/CMakeCCompilerABI.c.o   -c /usr/share/cmake-2.8/Modules/CMakeCCompilerABI.c]
  ignore line: [Linking C executable cmTryCompileExec2090303254]
  ignore line: [/usr/bin/cmake -E cmake_link_script CMakeFiles/cmTryCompileExec2090303254.dir/link.txt --verbose=1]
  ignore line: [/usr/bin/cc     -v CMakeFiles/cmTryCompileExec2090303254.dir/CMakeCCompilerABI.c.o  -o cmTryCompileExec2090303254 -rdynamic  ]
  ignore line: [Using built-in specs.]
  ignore line: [COLLECT_GCC=/usr/bin/cc]
  ignore line: [COLLECT_LTO_WRAPPER=/usr/lib/gcc/x86_64-linux-gnu/4.8/lto-wrapper]
  ignore line: [Target: x86_64-linux-gnu]
  ignore line: [Configured with: ../src/configure -v --with-pkgversion='Ubuntu 4.8.4-2ubuntu1~14.04.3' --with-bugurl=file:///usr/share/doc/gcc-4.8/README.Bugs --enable-languages=c,c++,java,go,d,fortran,objc,obj-c++ --prefix=/usr --program-suffix=-4.8 --enable-shared --enable-linker-build-id --libexecdir=/usr/lib --without-included-gettext --enable-threads=posix --with-gxx-include-dir=/usr/include/c++/4.8 --libdir=/usr/lib --enable-nls --with-sysroot=/ --enable-clocale=gnu --enable-libstdcxx-debug --enable-libstdcxx-time=yes --enable-gnu-unique-object --disable-libmudflap --enable-plugin --with-system-zlib --disable-browser-plugin --enable-java-awt=gtk --enable-gtk-cairo --with-java-home=/usr/lib/jvm/java-1.5.0-gcj-4.8-amd64/jre --enable-java-home --with-jvm-root-dir=/usr/lib/jvm/java-1.5.0-gcj-4.8-amd64 --with-jvm-jar-dir=/usr/lib/jvm-exports/java-1.5.0-gcj-4.8-amd64 --with-arch-directory=amd64 --with-ecj-jar=/usr/share/java/eclipse-ecj.jar --enable-objc-gc --enable-multiarch --disable-werror --with-arch-32=i686 --with-abi=m64 --with-multilib-list=m32,m64,mx32 --with-tune=generic --enable-checking=release --build=x86_64-linux-gnu --host=x86_64-linux-gnu --target=x86_64-linux-gnu]
  ignore line: [Thread model: posix]
  ignore line: [gcc version 4.8.4 (Ubuntu 4.8.4-2ubuntu1~14.04.3) ]
  ignore line: [COMPILER_PATH=/usr/lib/gcc/x86_64-linux-gnu/4.8/:/usr/lib/gcc/x86_64-linux-gnu/4.8/:/usr/lib/gcc/x86_64-linux-gnu/:/usr/lib/gcc/x86_64-linux-gnu/4.8/:/usr/lib/gcc/x86_64-linux-gnu/]
  ignore line: [LIBRARY_PATH=/usr/lib/gcc/x86_64-linux-gnu/4.8/:/usr/lib/gcc/x86_64-linux-gnu/4.8/../../../x86_64-linux-gnu/:/usr/lib/gcc/x86_64-linux-gnu/4.8/../../../../lib/:/lib/x86_64-linux-gnu/:/lib/../lib/:/usr/lib/x86_64-linux-gnu/:/usr/lib/../lib/:/usr/lib/gcc/x86_64-linux-gnu/4.8/../../../:/lib/:/usr/lib/]
  ignore line: [COLLECT_GCC_OPTIONS='-v' '-o' 'cmTryCompileExec2090303254' '-rdynamic' '-mtune=generic' '-march=x86-64']
  link line: [ /usr/lib/gcc/x86_64-linux-gnu/4.8/collect2 --sysroot=/ --build-id --eh-frame-hdr -m elf_x86_64 --hash-style=gnu --as-needed -export-dynamic -dynamic-linker /lib64/ld-linux-x86-64.so.2 -z relro -o cmTryCompileExec2090303254 /usr/lib/gcc/x86_64-linux-gnu/4.8/../../../x86_64-linux-gnu/crt1.o /usr/lib/gcc/x86_64-linux-gnu/4.8/../../../x86_64-linux-gnu/crti.o /usr/lib/gcc/x86_64-linux-gnu/4.8/crtbegin.o -L/usr/lib/gcc/x86_64-linux-gnu/4.8 -L/usr/lib/gcc/x86_64-linux-gnu/4.8/../../../x86_64-linux-gnu -L/usr/lib/gcc/x86_64-linux-gnu/4.8/../../../../lib -L/lib/x86_64-linux-gnu -L/lib/../lib -L/usr/lib/x86_64-linux-gnu -L/usr/lib/../lib -L/usr/lib/gcc/x86_64-linux-gnu/4.8/../../.. CMakeFiles/cmTryCompileExec2090303254.dir/CMakeCCompilerABI.c.o -lgcc --as-needed -lgcc_s --no-as-needed -lc -lgcc --as-needed -lgcc_s --no-as-needed /usr/lib/gcc/x86_64-linux-gnu/4.8/crtend.o /usr/lib/gcc/x86_64-linux-gnu/4.8/../../../x86_64-linux-gnu/crtn.o]
    arg [/usr/lib/gcc/x86_64-linux-gnu/4.8/collect2] ==> ignore
    arg [--sysroot=/] ==> ignore
    arg [--build-id] ==> ignore
    arg [--eh-frame-hdr] ==> ignore
    arg [-m] ==> ignore
    arg [elf_x86_64] ==> ignore
    arg [--hash-style=gnu] ==> ignore
    arg [--as-needed] ==> ignore
    arg [-export-dynamic] ==> ignore
    arg [-dynamic-linker] ==> ignore
    arg [/lib64/ld-linux-x86-64.so.2] ==> ignore
    arg [-zrelro] ==> ignore
    arg [-o] ==> ignore
    arg [cmTryCompileExec2090303254] ==> ignore
    arg [/usr/lib/gcc/x86_64-linux-gnu/4.8/../../../x86_64-linux-gnu/crt1.o] ==> ignore
    arg [/usr/lib/gcc/x86_64-linux-gnu/4.8/../../../x86_64-linux-gnu/crti.o] ==> ignore
    arg [/usr/lib/gcc/x86_64-linux-gnu/4.8/crtbegin.o] ==> ignore
    arg [-L/usr/lib/gcc/x86_64-linux-gnu/4.8] ==> dir [/usr/lib/gcc/x86_64-linux-gnu/4.8]
    arg [-L/usr/lib/gcc/x86_64-linux-gnu/4.8/../../../x86_64-linux-gnu] ==> dir [/usr/lib/gcc/x86_64-linux-gnu/4.8/../../../x86_64-linux-gnu]
    arg [-L/usr/lib/gcc/x86_64-linux-gnu/4.8/../../../../lib] ==> dir [/usr/lib/gcc/x86_64-linux-gnu/4.8/../../../../lib]
    arg [-L/lib/x86_64-linux-gnu] ==> dir [/lib/x86_64-linux-gnu]
    arg [-L/lib/../lib] ==> dir [/lib/../lib]
    arg [-L/usr/lib/x86_64-linux-gnu] ==> dir [/usr/lib/x86_64-linux-gnu]
    arg [-L/usr/lib/../lib] ==> dir [/usr/lib/../lib]
    arg [-L/usr/lib/gcc/x86_64-linux-gnu/4.8/../../..] ==> dir [/usr/lib/gcc/x86_64-linux-gnu/4.8/../../..]
    arg [CMakeFiles/cmTryCompileExec2090303254.dir/CMakeCCompilerABI.c.o] ==> ignore
    arg [-lgcc] ==> lib [gcc]
    arg [--as-needed] ==> ignore
    arg [-lgcc_s] ==> lib [gcc_s]
    arg [--no-as-needed] ==> ignore
    arg [-lc] ==> lib [c]
    arg [-lgcc] ==> lib [gcc]
    arg [--as-needed] ==> ignore
    arg [-lgcc_s] ==> lib [gcc_s]
    arg [--no-as-needed] ==> ignore
    arg [/usr/lib/gcc/x86_64-linux-gnu/4.8/crtend.o] ==> ignore
    arg [/usr/lib/gcc/x86_64-linux-gnu/4.8/../../../x86_64-linux-gnu/crtn.o] ==> ignore
  remove lib [gcc]
  remove lib [gcc_s]
  remove lib [gcc]
  remove lib [gcc_s]
  collapse library dir [/usr/lib/gcc/x86_64-linux-gnu/4.8] ==> [/usr/lib/gcc/x86_64-linux-gnu/4.8]
  collapse library dir [/usr/lib/gcc/x86_64-linux-gnu/4.8/../../../x86_64-linux-gnu] ==> [/usr/lib/x86_64-linux-gnu]
  collapse library dir [/usr/lib/gcc/x86_64-linux-gnu/4.8/../../../../lib] ==> [/usr/lib]
  collapse library dir [/lib/x86_64-linux-gnu] ==> [/lib/x86_64-linux-gnu]
  collapse library dir [/lib/../lib] ==> [/lib]
  collapse library dir [/usr/lib/x86_64-linux-gnu] ==> [/usr/lib/x86_64-linux-gnu]
  collapse library dir [/usr/lib/../lib] ==> [/usr/lib]
  collapse library dir [/usr/lib/gcc/x86_64-linux-gnu/4.8/../../..] ==> [/usr/lib]
  implicit libs: [c]
  implicit dirs: [/usr/lib/gcc/x86_64-linux-gnu/4.8;/usr/lib/x86_64-linux-gnu;/usr/lib;/lib/x86_64-linux-gnu;/lib]
  implicit fwks: []


Determining if the CXX compiler works passed with the following output:
Change Dir: /MyFolder/dlib-19.4/tools/python/build/CMakeFiles/CMakeTmp

Run Build Command:/usr/bin/make "cmTryCompileExec1759119685/fast"
/usr/bin/make -f CMakeFiles/cmTryCompileExec1759119685.dir/build.make CMakeFiles/cmTryCompileExec1759119685.dir/build
make[1]: ディレクトリ `/MyFolder/dlib-19.4/tools/python/build/CMakeFiles/CMakeTmp' に入ります
/usr/bin/cmake -E cmake_progress_report /MyFolder/dlib-19.4/tools/python/build/CMakeFiles/CMakeTmp/CMakeFiles 1
Building CXX object CMakeFiles/cmTryCompileExec1759119685.dir/testCXXCompiler.cxx.o
/usr/bin/c++     -o CMakeFiles/cmTryCompileExec1759119685.dir/testCXXCompiler.cxx.o -c /MyFolder/dlib-19.4/tools/python/build/CMakeFiles/CMakeTmp/testCXXCompiler.cxx
Linking CXX executable cmTryCompileExec1759119685
/usr/bin/cmake -E cmake_link_script CMakeFiles/cmTryCompileExec1759119685.dir/link.txt --verbose=1
/usr/bin/c++        CMakeFiles/cmTryCompileExec1759119685.dir/testCXXCompiler.cxx.o  -o cmTryCompileExec1759119685 -rdynamic 
make[1]: ディレクトリ `/MyFolder/dlib-19.4/tools/python/build/CMakeFiles/CMakeTmp' から出ます


Detecting CXX compiler ABI info compiled with the following output:
Change Dir: /MyFolder/dlib-19.4/tools/python/build/CMakeFiles/CMakeTmp

Run Build Command:/usr/bin/make "cmTryCompileExec3371244885/fast"
/usr/bin/make -f CMakeFiles/cmTryCompileExec3371244885.dir/build.make CMakeFiles/cmTryCompileExec3371244885.dir/build
make[1]: ディレクトリ `/MyFolder/dlib-19.4/tools/python/build/CMakeFiles/CMakeTmp' に入ります
/usr/bin/cmake -E cmake_progress_report /MyFolder/dlib-19.4/tools/python/build/CMakeFiles/CMakeTmp/CMakeFiles 1
Building CXX object CMakeFiles/cmTryCompileExec3371244885.dir/CMakeCXXCompilerABI.cpp.o
/usr/bin/c++     -o CMakeFiles/cmTryCompileExec3371244885.dir/CMakeCXXCompilerABI.cpp.o -c /usr/share/cmake-2.8/Modules/CMakeCXXCompilerABI.cpp
Linking CXX executable cmTryCompileExec3371244885
/usr/bin/cmake -E cmake_link_script CMakeFiles/cmTryCompileExec3371244885.dir/link.txt --verbose=1
/usr/bin/c++      -v CMakeFiles/cmTryCompileExec3371244885.dir/CMakeCXXCompilerABI.cpp.o  -o cmTryCompileExec3371244885 -rdynamic  
Using built-in specs.
COLLECT_GCC=/usr/bin/c++
COLLECT_LTO_WRAPPER=/usr/lib/gcc/x86_64-linux-gnu/4.8/lto-wrapper
Target: x86_64-linux-gnu
Configured with: ../src/configure -v --with-pkgversion='Ubuntu 4.8.4-2ubuntu1~14.04.3' --with-bugurl=file:///usr/share/doc/gcc-4.8/README.Bugs --enable-languages=c,c++,java,go,d,fortran,objc,obj-c++ --prefix=/usr --program-suffix=-4.8 --enable-shared --enable-linker-build-id --libexecdir=/usr/lib --without-included-gettext --enable-threads=posix --with-gxx-include-dir=/usr/include/c++/4.8 --libdir=/usr/lib --enable-nls --with-sysroot=/ --enable-clocale=gnu --enable-libstdcxx-debug --enable-libstdcxx-time=yes --enable-gnu-unique-object --disable-libmudflap --enable-plugin --with-system-zlib --disable-browser-plugin --enable-java-awt=gtk --enable-gtk-cairo --with-java-home=/usr/lib/jvm/java-1.5.0-gcj-4.8-amd64/jre --enable-java-home --with-jvm-root-dir=/usr/lib/jvm/java-1.5.0-gcj-4.8-amd64 --with-jvm-jar-dir=/usr/lib/jvm-exports/java-1.5.0-gcj-4.8-amd64 --with-arch-directory=amd64 --with-ecj-jar=/usr/share/java/eclipse-ecj.jar --enable-objc-gc --enable-multiarch --disable-werror --with-arch-32=i686 --with-abi=m64 --with-multilib-list=m32,m64,mx32 --with-tune=generic --enable-checking=release --build=x86_64-linux-gnu --host=x86_64-linux-gnu --target=x86_64-linux-gnu
Thread model: posix
gcc version 4.8.4 (Ubuntu 4.8.4-2ubuntu1~14.04.3) 
COMPILER_PATH=/usr/lib/gcc/x86_64-linux-gnu/4.8/:/usr/lib/gcc/x86_64-linux-gnu/4.8/:/usr/lib/gcc/x86_64-linux-gnu/:/usr/lib/gcc/x86_64-linux-gnu/4.8/:/usr/lib/gcc/x86_64-linux-gnu/
LIBRARY_PATH=/usr/lib/gcc/x86_64-linux-gnu/4.8/:/usr/lib/gcc/x86_64-linux-gnu/4.8/../../../x86_64-linux-gnu/:/usr/lib/gcc/x86_64-linux-gnu/4.8/../../../../lib/:/lib/x86_64-linux-gnu/:/lib/../lib/:/usr/lib/x86_64-linux-gnu/:/usr/lib/../lib/:/usr/lib/gcc/x86_64-linux-gnu/4.8/../../../:/lib/:/usr/lib/
COLLECT_GCC_OPTIONS='-v' '-o' 'cmTryCompileExec3371244885' '-rdynamic' '-shared-libgcc' '-mtune=generic' '-march=x86-64'
 /usr/lib/gcc/x86_64-linux-gnu/4.8/collect2 --sysroot=/ --build-id --eh-frame-hdr -m elf_x86_64 --hash-style=gnu --as-needed -export-dynamic -dynamic-linker /lib64/ld-linux-x86-64.so.2 -z relro -o cmTryCompileExec3371244885 /usr/lib/gcc/x86_64-linux-gnu/4.8/../../../x86_64-linux-gnu/crt1.o /usr/lib/gcc/x86_64-linux-gnu/4.8/../../../x86_64-linux-gnu/crti.o /usr/lib/gcc/x86_64-linux-gnu/4.8/crtbegin.o -L/usr/lib/gcc/x86_64-linux-gnu/4.8 -L/usr/lib/gcc/x86_64-linux-gnu/4.8/../../../x86_64-linux-gnu -L/usr/lib/gcc/x86_64-linux-gnu/4.8/../../../../lib -L/lib/x86_64-linux-gnu -L/lib/../lib -L/usr/lib/x86_64-linux-gnu -L/usr/lib/../lib -L/usr/lib/gcc/x86_64-linux-gnu/4.8/../../.. CMakeFiles/cmTryCompileExec3371244885.dir/CMakeCXXCompilerABI.cpp.o -lstdc++ -lm -lgcc_s -lgcc -lc -lgcc_s -lgcc /usr/lib/gcc/x86_64-linux-gnu/4.8/crtend.o /usr/lib/gcc/x86_64-linux-gnu/4.8/../../../x86_64-linux-gnu/crtn.o
make[1]: ディレクトリ `/MyFolder/dlib-19.4/tools/python/build/CMakeFiles/CMakeTmp' から出ます


Parsed CXX implicit link information from above output:
  link line regex: [^( *|.*[/\])(ld|([^/\]+-)?ld|collect2)[^/\]*( |$)]
  ignore line: [Change Dir: /MyFolder/dlib-19.4/tools/python/build/CMakeFiles/CMakeTmp]
  ignore line: []
  ignore line: [Run Build Command:/usr/bin/make "cmTryCompileExec3371244885/fast"]
  ignore line: [/usr/bin/make -f CMakeFiles/cmTryCompileExec3371244885.dir/build.make CMakeFiles/cmTryCompileExec3371244885.dir/build]
  ignore line: [make[1]: ディレクトリ `/MyFolder/dlib-19.4/tools/python/build/CMakeFiles/CMakeTmp' に入ります]
  ignore line: [/usr/bin/cmake -E cmake_progress_report /MyFolder/dlib-19.4/tools/python/build/CMakeFiles/CMakeTmp/CMakeFiles 1]
  ignore line: [Building CXX object CMakeFiles/cmTryCompileExec3371244885.dir/CMakeCXXCompilerABI.cpp.o]
  ignore line: [/usr/bin/c++     -o CMakeFiles/cmTryCompileExec3371244885.dir/CMakeCXXCompilerABI.cpp.o -c /usr/share/cmake-2.8/Modules/CMakeCXXCompilerABI.cpp]
  ignore line: [Linking CXX executable cmTryCompileExec3371244885]
  ignore line: [/usr/bin/cmake -E cmake_link_script CMakeFiles/cmTryCompileExec3371244885.dir/link.txt --verbose=1]
  ignore line: [/usr/bin/c++      -v CMakeFiles/cmTryCompileExec3371244885.dir/CMakeCXXCompilerABI.cpp.o  -o cmTryCompileExec3371244885 -rdynamic  ]
  ignore line: [Using built-in specs.]
  ignore line: [COLLECT_GCC=/usr/bin/c++]
  ignore line: [COLLECT_LTO_WRAPPER=/usr/lib/gcc/x86_64-linux-gnu/4.8/lto-wrapper]
  ignore line: [Target: x86_64-linux-gnu]
  ignore line: [Configured with: ../src/configure -v --with-pkgversion='Ubuntu 4.8.4-2ubuntu1~14.04.3' --with-bugurl=file:///usr/share/doc/gcc-4.8/README.Bugs --enable-languages=c,c++,java,go,d,fortran,objc,obj-c++ --prefix=/usr --program-suffix=-4.8 --enable-shared --enable-linker-build-id --libexecdir=/usr/lib --without-included-gettext --enable-threads=posix --with-gxx-include-dir=/usr/include/c++/4.8 --libdir=/usr/lib --enable-nls --with-sysroot=/ --enable-clocale=gnu --enable-libstdcxx-debug --enable-libstdcxx-time=yes --enable-gnu-unique-object --disable-libmudflap --enable-plugin --with-system-zlib --disable-browser-plugin --enable-java-awt=gtk --enable-gtk-cairo --with-java-home=/usr/lib/jvm/java-1.5.0-gcj-4.8-amd64/jre --enable-java-home --with-jvm-root-dir=/usr/lib/jvm/java-1.5.0-gcj-4.8-amd64 --with-jvm-jar-dir=/usr/lib/jvm-exports/java-1.5.0-gcj-4.8-amd64 --with-arch-directory=amd64 --with-ecj-jar=/usr/share/java/eclipse-ecj.jar --enable-objc-gc --enable-multiarch --disable-werror --with-arch-32=i686 --with-abi=m64 --with-multilib-list=m32,m64,mx32 --with-tune=generic --enable-checking=release --build=x86_64-linux-gnu --host=x86_64-linux-gnu --target=x86_64-linux-gnu]
  ignore line: [Thread model: posix]
  ignore line: [gcc version 4.8.4 (Ubuntu 4.8.4-2ubuntu1~14.04.3) ]
  ignore line: [COMPILER_PATH=/usr/lib/gcc/x86_64-linux-gnu/4.8/:/usr/lib/gcc/x86_64-linux-gnu/4.8/:/usr/lib/gcc/x86_64-linux-gnu/:/usr/lib/gcc/x86_64-linux-gnu/4.8/:/usr/lib/gcc/x86_64-linux-gnu/]
  ignore line: [LIBRARY_PATH=/usr/lib/gcc/x86_64-linux-gnu/4.8/:/usr/lib/gcc/x86_64-linux-gnu/4.8/../../../x86_64-linux-gnu/:/usr/lib/gcc/x86_64-linux-gnu/4.8/../../../../lib/:/lib/x86_64-linux-gnu/:/lib/../lib/:/usr/lib/x86_64-linux-gnu/:/usr/lib/../lib/:/usr/lib/gcc/x86_64-linux-gnu/4.8/../../../:/lib/:/usr/lib/]
  ignore line: [COLLECT_GCC_OPTIONS='-v' '-o' 'cmTryCompileExec3371244885' '-rdynamic' '-shared-libgcc' '-mtune=generic' '-march=x86-64']
  link line: [ /usr/lib/gcc/x86_64-linux-gnu/4.8/collect2 --sysroot=/ --build-id --eh-frame-hdr -m elf_x86_64 --hash-style=gnu --as-needed -export-dynamic -dynamic-linker /lib64/ld-linux-x86-64.so.2 -z relro -o cmTryCompileExec3371244885 /usr/lib/gcc/x86_64-linux-gnu/4.8/../../../x86_64-linux-gnu/crt1.o /usr/lib/gcc/x86_64-linux-gnu/4.8/../../../x86_64-linux-gnu/crti.o /usr/lib/gcc/x86_64-linux-gnu/4.8/crtbegin.o -L/usr/lib/gcc/x86_64-linux-gnu/4.8 -L/usr/lib/gcc/x86_64-linux-gnu/4.8/../../../x86_64-linux-gnu -L/usr/lib/gcc/x86_64-linux-gnu/4.8/../../../../lib -L/lib/x86_64-linux-gnu -L/lib/../lib -L/usr/lib/x86_64-linux-gnu -L/usr/lib/../lib -L/usr/lib/gcc/x86_64-linux-gnu/4.8/../../.. CMakeFiles/cmTryCompileExec3371244885.dir/CMakeCXXCompilerABI.cpp.o -lstdc++ -lm -lgcc_s -lgcc -lc -lgcc_s -lgcc /usr/lib/gcc/x86_64-linux-gnu/4.8/crtend.o /usr/lib/gcc/x86_64-linux-gnu/4.8/../../../x86_64-linux-gnu/crtn.o]
    arg [/usr/lib/gcc/x86_64-linux-gnu/4.8/collect2] ==> ignore
    arg [--sysroot=/] ==> ignore
    arg [--build-id] ==> ignore
    arg [--eh-frame-hdr] ==> ignore
    arg [-m] ==> ignore
    arg [elf_x86_64] ==> ignore
    arg [--hash-style=gnu] ==> ignore
    arg [--as-needed] ==> ignore
    arg [-export-dynamic] ==> ignore
    arg [-dynamic-linker] ==> ignore
    arg [/lib64/ld-linux-x86-64.so.2] ==> ignore
    arg [-zrelro] ==> ignore
    arg [-o] ==> ignore
    arg [cmTryCompileExec3371244885] ==> ignore
    arg [/usr/lib/gcc/x86_64-linux-gnu/4.8/../../../x86_64-linux-gnu/crt1.o] ==> ignore
    arg [/usr/lib/gcc/x86_64-linux-gnu/4.8/../../../x86_64-linux-gnu/crti.o] ==> ignore
    arg [/usr/lib/gcc/x86_64-linux-gnu/4.8/crtbegin.o] ==> ignore
    arg [-L/usr/lib/gcc/x86_64-linux-gnu/4.8] ==> dir [/usr/lib/gcc/x86_64-linux-gnu/4.8]
    arg [-L/usr/lib/gcc/x86_64-linux-gnu/4.8/../../../x86_64-linux-gnu] ==> dir [/usr/lib/gcc/x86_64-linux-gnu/4.8/../../../x86_64-linux-gnu]
    arg [-L/usr/lib/gcc/x86_64-linux-gnu/4.8/../../../../lib] ==> dir [/usr/lib/gcc/x86_64-linux-gnu/4.8/../../../../lib]
    arg [-L/lib/x86_64-linux-gnu] ==> dir [/lib/x86_64-linux-gnu]
    arg [-L/lib/../lib] ==> dir [/lib/../lib]
    arg [-L/usr/lib/x86_64-linux-gnu] ==> dir [/usr/lib/x86_64-linux-gnu]
    arg [-L/usr/lib/../lib] ==> dir [/usr/lib/../lib]
    arg [-L/usr/lib/gcc/x86_64-linux-gnu/4.8/../../..] ==> dir [/usr/lib/gcc/x86_64-linux-gnu/4.8/../../..]
    arg [CMakeFiles/cmTryCompileExec3371244885.dir/CMakeCXXCompilerABI.cpp.o] ==> ignore
    arg [-lstdc++] ==> lib [stdc++]
    arg [-lm] ==> lib [m]
    arg [-lgcc_s] ==> lib [gcc_s]
    arg [-lgcc] ==> lib [gcc]
    arg [-lc] ==> lib [c]
    arg [-lgcc_s] ==> lib [gcc_s]
    arg [-lgcc] ==> lib [gcc]
    arg [/usr/lib/gcc/x86_64-linux-gnu/4.8/crtend.o] ==> ignore
    arg [/usr/lib/gcc/x86_64-linux-gnu/4.8/../../../x86_64-linux-gnu/crtn.o] ==> ignore
  remove lib [gcc_s]
  remove lib [gcc]
  remove lib [gcc_s]
  remove lib [gcc]
  collapse library dir [/usr/lib/gcc/x86_64-linux-gnu/4.8] ==> [/usr/lib/gcc/x86_64-linux-gnu/4.8]
  collapse library dir [/usr/lib/gcc/x86_64-linux-gnu/4.8/../../../x86_64-linux-gnu] ==> [/usr/lib/x86_64-linux-gnu]
  collapse library dir [/usr/lib/gcc/x86_64-linux-gnu/4.8/../../../../lib] ==> [/usr/lib]
  collapse library dir [/lib/x86_64-linux-gnu] ==> [/lib/x86_64-linux-gnu]
  collapse library dir [/lib/../lib] ==> [/lib]
  collapse library dir [/usr/lib/x86_64-linux-gnu] ==> [/usr/lib/x86_64-linux-gnu]
  collapse library dir [/usr/lib/../lib] ==> [/usr/lib]
  collapse library dir [/usr/lib/gcc/x86_64-linux-gnu/4.8/../../..] ==> [/usr/lib]
  implicit libs: [stdc++;m;c]
  implicit dirs: [/usr/lib/gcc/x86_64-linux-gnu/4.8;/usr/lib/x86_64-linux-gnu;/usr/lib;/lib/x86_64-linux-gnu;/lib]
  implicit fwks: []


Determining if files pthread.h exist passed with the following output:
Change Dir: /MyFolder/dlib-19.4/tools/python/build/CMakeFiles/CMakeTmp

Run Build Command:/usr/bin/make "cmTryCompileExec2154813432/fast"
/usr/bin/make -f CMakeFiles/cmTryCompileExec2154813432.dir/build.make CMakeFiles/cmTryCompileExec2154813432.dir/build
make[1]: ディレクトリ `/MyFolder/dlib-19.4/tools/python/build/CMakeFiles/CMakeTmp' に入ります
/usr/bin/cmake -E cmake_progress_report /MyFolder/dlib-19.4/tools/python/build/CMakeFiles/CMakeTmp/CMakeFiles 1
Building C object CMakeFiles/cmTryCompileExec2154813432.dir/CheckIncludeFiles.c.o
/usr/bin/cc   -fPIE   -o CMakeFiles/cmTryCompileExec2154813432.dir/CheckIncludeFiles.c.o   -c /MyFolder/dlib-19.4/tools/python/build/CMakeFiles/CMakeTmp/CheckIncludeFiles.c
Linking C executable cmTryCompileExec2154813432
/usr/bin/cmake -E cmake_link_script CMakeFiles/cmTryCompileExec2154813432.dir/link.txt --verbose=1
/usr/bin/cc       CMakeFiles/cmTryCompileExec2154813432.dir/CheckIncludeFiles.c.o  -o cmTryCompileExec2154813432 -rdynamic 
make[1]: ディレクトリ `/MyFolder/dlib-19.4/tools/python/build/CMakeFiles/CMakeTmp' から出ます


Determining if the function pthread_create exists in the pthread passed with the following output:
Change Dir: /MyFolder/dlib-19.4/tools/python/build/CMakeFiles/CMakeTmp

Run Build Command:/usr/bin/make "cmTryCompileExec3755794779/fast"
/usr/bin/make -f CMakeFiles/cmTryCompileExec3755794779.dir/build.make CMakeFiles/cmTryCompileExec3755794779.dir/build
make[1]: ディレクトリ `/MyFolder/dlib-19.4/tools/python/build/CMakeFiles/CMakeTmp' に入ります
/usr/bin/cmake -E cmake_progress_report /MyFolder/dlib-19.4/tools/python/build/CMakeFiles/CMakeTmp/CMakeFiles 1
Building C object CMakeFiles/cmTryCompileExec3755794779.dir/CheckFunctionExists.c.o
/usr/bin/cc   -DCHECK_FUNCTION_EXISTS=pthread_create -fPIE   -o CMakeFiles/cmTryCompileExec3755794779.dir/CheckFunctionExists.c.o   -c /usr/share/cmake-2.8/Modules/CheckFunctionExists.c
Linking C executable cmTryCompileExec3755794779
/usr/bin/cmake -E cmake_link_script CMakeFiles/cmTryCompileExec3755794779.dir/link.txt --verbose=1
/usr/bin/cc   -DCHECK_FUNCTION_EXISTS=pthread_create    CMakeFiles/cmTryCompileExec3755794779.dir/CheckFunctionExists.c.o  -o cmTryCompileExec3755794779 -rdynamic -lpthread 
make[1]: ディレクトリ `/MyFolder/dlib-19.4/tools/python/build/CMakeFiles/CMakeTmp' から出ます


Determining if the function XOpenDisplay exists in the /usr/lib/x86_64-linux-gnu/libX11.so;/usr/lib/x86_64-linux-gnu/libXext.so passed with the following output:
Change Dir: /MyFolder/dlib-19.4/tools/python/build/CMakeFiles/CMakeTmp

Run Build Command:/usr/bin/make "cmTryCompileExec1715784504/fast"
/usr/bin/make -f CMakeFiles/cmTryCompileExec1715784504.dir/build.make CMakeFiles/cmTryCompileExec1715784504.dir/build
make[1]: ディレクトリ `/MyFolder/dlib-19.4/tools/python/build/CMakeFiles/CMakeTmp' に入ります
/usr/bin/cmake -E cmake_progress_report /MyFolder/dlib-19.4/tools/python/build/CMakeFiles/CMakeTmp/CMakeFiles 1
Building C object CMakeFiles/cmTryCompileExec1715784504.dir/CheckFunctionExists.c.o
/usr/bin/cc   -DCHECK_FUNCTION_EXISTS=XOpenDisplay -fPIE   -o CMakeFiles/cmTryCompileExec1715784504.dir/CheckFunctionExists.c.o   -c /usr/share/cmake-2.8/Modules/CheckFunctionExists.c
Linking C executable cmTryCompileExec1715784504
/usr/bin/cmake -E cmake_link_script CMakeFiles/cmTryCompileExec1715784504.dir/link.txt --verbose=1
/usr/bin/cc   -DCHECK_FUNCTION_EXISTS=XOpenDisplay    CMakeFiles/cmTryCompileExec1715784504.dir/CheckFunctionExists.c.o  -o cmTryCompileExec1715784504 -rdynamic -lX11 -lXext 
make[1]: ディレクトリ `/MyFolder/dlib-19.4/tools/python/build/CMakeFiles/CMakeTmp' から出ます


Determining if the function gethostbyname exists passed with the following output:
Change Dir: /MyFolder/dlib-19.4/tools/python/build/CMakeFiles/CMakeTmp

Run Build Command:/usr/bin/make "cmTryCompileExec860929733/fast"
/usr/bin/make -f CMakeFiles/cmTryCompileExec860929733.dir/build.make CMakeFiles/cmTryCompileExec860929733.dir/build
make[1]: ディレクトリ `/MyFolder/dlib-19.4/tools/python/build/CMakeFiles/CMakeTmp' に入ります
/usr/bin/cmake -E cmake_progress_report /MyFolder/dlib-19.4/tools/python/build/CMakeFiles/CMakeTmp/CMakeFiles 1
Building C object CMakeFiles/cmTryCompileExec860929733.dir/CheckFunctionExists.c.o
/usr/bin/cc   -DCHECK_FUNCTION_EXISTS=gethostbyname -fPIE   -o CMakeFiles/cmTryCompileExec860929733.dir/CheckFunctionExists.c.o   -c /usr/share/cmake-2.8/Modules/CheckFunctionExists.c
Linking C executable cmTryCompileExec860929733
/usr/bin/cmake -E cmake_link_script CMakeFiles/cmTryCompileExec860929733.dir/link.txt --verbose=1
/usr/bin/cc   -DCHECK_FUNCTION_EXISTS=gethostbyname    CMakeFiles/cmTryCompileExec860929733.dir/CheckFunctionExists.c.o  -o cmTryCompileExec860929733 -rdynamic 
make[1]: ディレクトリ `/MyFolder/dlib-19.4/tools/python/build/CMakeFiles/CMakeTmp' から出ます


Determining if the function connect exists passed with the following output:
Change Dir: /MyFolder/dlib-19.4/tools/python/build/CMakeFiles/CMakeTmp

Run Build Command:/usr/bin/make "cmTryCompileExec1205680501/fast"
/usr/bin/make -f CMakeFiles/cmTryCompileExec1205680501.dir/build.make CMakeFiles/cmTryCompileExec1205680501.dir/build
make[1]: ディレクトリ `/MyFolder/dlib-19.4/tools/python/build/CMakeFiles/CMakeTmp' に入ります
/usr/bin/cmake -E cmake_progress_report /MyFolder/dlib-19.4/tools/python/build/CMakeFiles/CMakeTmp/CMakeFiles 1
Building C object CMakeFiles/cmTryCompileExec1205680501.dir/CheckFunctionExists.c.o
/usr/bin/cc   -DCHECK_FUNCTION_EXISTS=connect -fPIE   -o CMakeFiles/cmTryCompileExec1205680501.dir/CheckFunctionExists.c.o   -c /usr/share/cmake-2.8/Modules/CheckFunctionExists.c
Linking C executable cmTryCompileExec1205680501
/usr/bin/cmake -E cmake_link_script CMakeFiles/cmTryCompileExec1205680501.dir/link.txt --verbose=1
/usr/bin/cc   -DCHECK_FUNCTION_EXISTS=connect    CMakeFiles/cmTryCompileExec1205680501.dir/CheckFunctionExists.c.o  -o cmTryCompileExec1205680501 -rdynamic 
make[1]: ディレクトリ `/MyFolder/dlib-19.4/tools/python/build/CMakeFiles/CMakeTmp' から出ます


Determining if the function remove exists passed with the following output:
Change Dir: /MyFolder/dlib-19.4/tools/python/build/CMakeFiles/CMakeTmp

Run Build Command:/usr/bin/make "cmTryCompileExec3683059674/fast"
/usr/bin/make -f CMakeFiles/cmTryCompileExec3683059674.dir/build.make CMakeFiles/cmTryCompileExec3683059674.dir/build
make[1]: ディレクトリ `/MyFolder/dlib-19.4/tools/python/build/CMakeFiles/CMakeTmp' に入ります
/usr/bin/cmake -E cmake_progress_report /MyFolder/dlib-19.4/tools/python/build/CMakeFiles/CMakeTmp/CMakeFiles 1
Building C object CMakeFiles/cmTryCompileExec3683059674.dir/CheckFunctionExists.c.o
/usr/bin/cc   -DCHECK_FUNCTION_EXISTS=remove -fPIE   -o CMakeFiles/cmTryCompileExec3683059674.dir/CheckFunctionExists.c.o   -c /usr/share/cmake-2.8/Modules/CheckFunctionExists.c
Linking C executable cmTryCompileExec3683059674
/usr/bin/cmake -E cmake_link_script CMakeFiles/cmTryCompileExec3683059674.dir/link.txt --verbose=1
/usr/bin/cc   -DCHECK_FUNCTION_EXISTS=remove    CMakeFiles/cmTryCompileExec3683059674.dir/CheckFunctionExists.c.o  -o cmTryCompileExec3683059674 -rdynamic 
make[1]: ディレクトリ `/MyFolder/dlib-19.4/tools/python/build/CMakeFiles/CMakeTmp' から出ます


Determining if the function shmat exists passed with the following output:
Change Dir: /MyFolder/dlib-19.4/tools/python/build/CMakeFiles/CMakeTmp

Run Build Command:/usr/bin/make "cmTryCompileExec2618930969/fast"
/usr/bin/make -f CMakeFiles/cmTryCompileExec2618930969.dir/build.make CMakeFiles/cmTryCompileExec2618930969.dir/build
make[1]: ディレクトリ `/MyFolder/dlib-19.4/tools/python/build/CMakeFiles/CMakeTmp' に入ります
/usr/bin/cmake -E cmake_progress_report /MyFolder/dlib-19.4/tools/python/build/CMakeFiles/CMakeTmp/CMakeFiles 1
Building C object CMakeFiles/cmTryCompileExec2618930969.dir/CheckFunctionExists.c.o
/usr/bin/cc   -DCHECK_FUNCTION_EXISTS=shmat -fPIE   -o CMakeFiles/cmTryCompileExec2618930969.dir/CheckFunctionExists.c.o   -c /usr/share/cmake-2.8/Modules/CheckFunctionExists.c
Linking C executable cmTryCompileExec2618930969
/usr/bin/cmake -E cmake_link_script CMakeFiles/cmTryCompileExec2618930969.dir/link.txt --verbose=1
/usr/bin/cc   -DCHECK_FUNCTION_EXISTS=shmat    CMakeFiles/cmTryCompileExec2618930969.dir/CheckFunctionExists.c.o  -o cmTryCompileExec2618930969 -rdynamic 
make[1]: ディレクトリ `/MyFolder/dlib-19.4/tools/python/build/CMakeFiles/CMakeTmp' から出ます


Determining if the function IceConnectionNumber exists in the ICE passed with the following output:
Change Dir: /MyFolder/dlib-19.4/tools/python/build/CMakeFiles/CMakeTmp

Run Build Command:/usr/bin/make "cmTryCompileExec61430362/fast"
/usr/bin/make -f CMakeFiles/cmTryCompileExec61430362.dir/build.make CMakeFiles/cmTryCompileExec61430362.dir/build
make[1]: ディレクトリ `/MyFolder/dlib-19.4/tools/python/build/CMakeFiles/CMakeTmp' に入ります
/usr/bin/cmake -E cmake_progress_report /MyFolder/dlib-19.4/tools/python/build/CMakeFiles/CMakeTmp/CMakeFiles 1
Building C object CMakeFiles/cmTryCompileExec61430362.dir/CheckFunctionExists.c.o
/usr/bin/cc   -DCHECK_FUNCTION_EXISTS=IceConnectionNumber -fPIE   -o CMakeFiles/cmTryCompileExec61430362.dir/CheckFunctionExists.c.o   -c /usr/share/cmake-2.8/Modules/CheckFunctionExists.c
Linking C executable cmTryCompileExec61430362
/usr/bin/cmake -E cmake_link_script CMakeFiles/cmTryCompileExec61430362.dir/link.txt --verbose=1
/usr/bin/cc   -DCHECK_FUNCTION_EXISTS=IceConnectionNumber    CMakeFiles/cmTryCompileExec61430362.dir/CheckFunctionExists.c.o  -o cmTryCompileExec61430362 -rdynamic -lICE 
make[1]: ディレクトリ `/MyFolder/dlib-19.4/tools/python/build/CMakeFiles/CMakeTmp' から出ます


Determining if the function png_create_read_struct exists passed with the following output:
Change Dir: /MyFolder/dlib-19.4/tools/python/build/CMakeFiles/CMakeTmp

Run Build Command:/usr/bin/make "cmTryCompileExec62586346/fast"
make: 警告: ファイル `Makefile' の修正時刻が 0.013 秒分未来の時刻です
/usr/bin/make -f CMakeFiles/cmTryCompileExec62586346.dir/build.make CMakeFiles/cmTryCompileExec62586346.dir/build
make[1]: ディレクトリ `/MyFolder/dlib-19.4/tools/python/build/CMakeFiles/CMakeTmp' に入ります
make[1]: 警告: ファイル `CMakeFiles/cmTryCompileExec62586346.dir/flags.make' の修正時刻が 0.0066 秒分未来の時刻です
/usr/bin/cmake -E cmake_progress_report /MyFolder/dlib-19.4/tools/python/build/CMakeFiles/CMakeTmp/CMakeFiles 1
Building C object CMakeFiles/cmTryCompileExec62586346.dir/CheckFunctionExists.c.o
/usr/bin/cc   -DCHECK_FUNCTION_EXISTS=png_create_read_struct -fPIE   -o CMakeFiles/cmTryCompileExec62586346.dir/CheckFunctionExists.c.o   -c /usr/share/cmake-2.8/Modules/CheckFunctionExists.c
Linking C executable cmTryCompileExec62586346
/usr/bin/cmake -E cmake_link_script CMakeFiles/cmTryCompileExec62586346.dir/link.txt --verbose=1
/usr/bin/cc   -DCHECK_FUNCTION_EXISTS=png_create_read_struct    CMakeFiles/cmTryCompileExec62586346.dir/CheckFunctionExists.c.o  -o cmTryCompileExec62586346 -rdynamic -lpng 
make[1]: 警告:  時刻のずれを検出. 不完全なビルド結果になるかもしれません.
make[1]: ディレクトリ `/MyFolder/dlib-19.4/tools/python/build/CMakeFiles/CMakeTmp' から出ます
make: 警告:  時刻のずれを検出. 不完全なビルド結果になるかもしれません.


Determining if the function jpeg_read_header exists passed with the following output:
Change Dir: /MyFolder/dlib-19.4/tools/python/build/CMakeFiles/CMakeTmp

Run Build Command:/usr/bin/make "cmTryCompileExec336741119/fast"
/usr/bin/make -f CMakeFiles/cmTryCompileExec336741119.dir/build.make CMakeFiles/cmTryCompileExec336741119.dir/build
make[1]: ディレクトリ `/MyFolder/dlib-19.4/tools/python/build/CMakeFiles/CMakeTmp' に入ります
/usr/bin/cmake -E cmake_progress_report /MyFolder/dlib-19.4/tools/python/build/CMakeFiles/CMakeTmp/CMakeFiles 1
Building C object CMakeFiles/cmTryCompileExec336741119.dir/CheckFunctionExists.c.o
/usr/bin/cc   -DCHECK_FUNCTION_EXISTS=jpeg_read_header -fPIE   -o CMakeFiles/cmTryCompileExec336741119.dir/CheckFunctionExists.c.o   -c /usr/share/cmake-2.8/Modules/CheckFunctionExists.c
Linking C executable cmTryCompileExec336741119
/usr/bin/cmake -E cmake_link_script CMakeFiles/cmTryCompileExec336741119.dir/link.txt --verbose=1
/usr/bin/cc   -DCHECK_FUNCTION_EXISTS=jpeg_read_header    CMakeFiles/cmTryCompileExec336741119.dir/CheckFunctionExists.c.o  -o cmTryCompileExec336741119 -rdynamic -ljpeg 
make[1]: ディレクトリ `/MyFolder/dlib-19.4/tools/python/build/CMakeFiles/CMakeTmp' から出ます


Determining if the include file sys/types.h exists passed with the following output:
Change Dir: /MyFolder/dlib-19.4/tools/python/build/CMakeFiles/CMakeTmp

Run Build Command:/usr/bin/make "cmTryCompileExec4085859358/fast"
/usr/bin/make -f CMakeFiles/cmTryCompileExec4085859358.dir/build.make CMakeFiles/cmTryCompileExec4085859358.dir/build
make[1]: ディレクトリ `/MyFolder/dlib-19.4/tools/python/build/CMakeFiles/CMakeTmp' に入ります
/usr/bin/cmake -E cmake_progress_report /MyFolder/dlib-19.4/tools/python/build/CMakeFiles/CMakeTmp/CMakeFiles 1
Building C object CMakeFiles/cmTryCompileExec4085859358.dir/CheckIncludeFile.c.o
/usr/bin/cc   -fPIE   -o CMakeFiles/cmTryCompileExec4085859358.dir/CheckIncludeFile.c.o   -c /MyFolder/dlib-19.4/tools/python/build/CMakeFiles/CMakeTmp/CheckIncludeFile.c
Linking C executable cmTryCompileExec4085859358
/usr/bin/cmake -E cmake_link_script CMakeFiles/cmTryCompileExec4085859358.dir/link.txt --verbose=1
/usr/bin/cc       CMakeFiles/cmTryCompileExec4085859358.dir/CheckIncludeFile.c.o  -o cmTryCompileExec4085859358 -rdynamic 
make[1]: ディレクトリ `/MyFolder/dlib-19.4/tools/python/build/CMakeFiles/CMakeTmp' から出ます


Determining if the include file stdint.h exists passed with the following output:
Change Dir: /MyFolder/dlib-19.4/tools/python/build/CMakeFiles/CMakeTmp

Run Build Command:/usr/bin/make "cmTryCompileExec2443671932/fast"
/usr/bin/make -f CMakeFiles/cmTryCompileExec2443671932.dir/build.make CMakeFiles/cmTryCompileExec2443671932.dir/build
make[1]: ディレクトリ `/MyFolder/dlib-19.4/tools/python/build/CMakeFiles/CMakeTmp' に入ります
/usr/bin/cmake -E cmake_progress_report /MyFolder/dlib-19.4/tools/python/build/CMakeFiles/CMakeTmp/CMakeFiles 1
Building C object CMakeFiles/cmTryCompileExec2443671932.dir/CheckIncludeFile.c.o
/usr/bin/cc   -fPIE   -o CMakeFiles/cmTryCompileExec2443671932.dir/CheckIncludeFile.c.o   -c /MyFolder/dlib-19.4/tools/python/build/CMakeFiles/CMakeTmp/CheckIncludeFile.c
Linking C executable cmTryCompileExec2443671932
/usr/bin/cmake -E cmake_link_script CMakeFiles/cmTryCompileExec2443671932.dir/link.txt --verbose=1
/usr/bin/cc       CMakeFiles/cmTryCompileExec2443671932.dir/CheckIncludeFile.c.o  -o cmTryCompileExec2443671932 -rdynamic 
make[1]: ディレクトリ `/MyFolder/dlib-19.4/tools/python/build/CMakeFiles/CMakeTmp' から出ます


Determining if the include file stddef.h exists passed with the following output:
Change Dir: /MyFolder/dlib-19.4/tools/python/build/CMakeFiles/CMakeTmp

Run Build Command:/usr/bin/make "cmTryCompileExec862468218/fast"
/usr/bin/make -f CMakeFiles/cmTryCompileExec862468218.dir/build.make CMakeFiles/cmTryCompileExec862468218.dir/build
make[1]: ディレクトリ `/MyFolder/dlib-19.4/tools/python/build/CMakeFiles/CMakeTmp' に入ります
/usr/bin/cmake -E cmake_progress_report /MyFolder/dlib-19.4/tools/python/build/CMakeFiles/CMakeTmp/CMakeFiles 1
Building C object CMakeFiles/cmTryCompileExec862468218.dir/CheckIncludeFile.c.o
/usr/bin/cc   -fPIE   -o CMakeFiles/cmTryCompileExec862468218.dir/CheckIncludeFile.c.o   -c /MyFolder/dlib-19.4/tools/python/build/CMakeFiles/CMakeTmp/CheckIncludeFile.c
Linking C executable cmTryCompileExec862468218
/usr/bin/cmake -E cmake_link_script CMakeFiles/cmTryCompileExec862468218.dir/link.txt --verbose=1
/usr/bin/cc       CMakeFiles/cmTryCompileExec862468218.dir/CheckIncludeFile.c.o  -o cmTryCompileExec862468218 -rdynamic 
make[1]: ディレクトリ `/MyFolder/dlib-19.4/tools/python/build/CMakeFiles/CMakeTmp' から出ます


Determining size of void* passed with the following output:
Change Dir: /MyFolder/dlib-19.4/tools/python/build/CMakeFiles/CMakeTmp

Run Build Command:/usr/bin/make "cmTryCompileExec3705810602/fast"
/usr/bin/make -f CMakeFiles/cmTryCompileExec3705810602.dir/build.make CMakeFiles/cmTryCompileExec3705810602.dir/build
make[1]: ディレクトリ `/MyFolder/dlib-19.4/tools/python/build/CMakeFiles/CMakeTmp' に入ります
/usr/bin/cmake -E cmake_progress_report /MyFolder/dlib-19.4/tools/python/build/CMakeFiles/CMakeTmp/CMakeFiles 1
Building C object CMakeFiles/cmTryCompileExec3705810602.dir/SIZE_OF_VOID_PTR.c.o
/usr/bin/cc   -fPIE   -o CMakeFiles/cmTryCompileExec3705810602.dir/SIZE_OF_VOID_PTR.c.o   -c /MyFolder/dlib-19.4/tools/python/build/CMakeFiles/CheckTypeSize/SIZE_OF_VOID_PTR.c
Linking C executable cmTryCompileExec3705810602
/usr/bin/cmake -E cmake_link_script CMakeFiles/cmTryCompileExec3705810602.dir/link.txt --verbose=1
/usr/bin/cc       CMakeFiles/cmTryCompileExec3705810602.dir/SIZE_OF_VOID_PTR.c.o  -o cmTryCompileExec3705810602 -rdynamic -ljpeg 
make[1]: ディレクトリ `/MyFolder/dlib-19.4/tools/python/build/CMakeFiles/CMakeTmp' から出ます


Determining if the function cblas_ddot exists passed with the following output:
Change Dir: /MyFolder/dlib-19.4/tools/python/build/CMakeFiles/CMakeTmp

Run Build Command:/usr/bin/make "cmTryCompileExec1013433080/fast"
/usr/bin/make -f CMakeFiles/cmTryCompileExec1013433080.dir/build.make CMakeFiles/cmTryCompileExec1013433080.dir/build
make[1]: ディレクトリ `/MyFolder/dlib-19.4/tools/python/build/CMakeFiles/CMakeTmp' に入ります
/usr/bin/cmake -E cmake_progress_report /MyFolder/dlib-19.4/tools/python/build/CMakeFiles/CMakeTmp/CMakeFiles 1
Building C object CMakeFiles/cmTryCompileExec1013433080.dir/CheckFunctionExists.c.o
/usr/bin/cc   -DCHECK_FUNCTION_EXISTS=cblas_ddot -fPIE   -o CMakeFiles/cmTryCompileExec1013433080.dir/CheckFunctionExists.c.o   -c /usr/share/cmake-2.8/Modules/CheckFunctionExists.c
Linking C executable cmTryCompileExec1013433080
/usr/bin/cmake -E cmake_link_script CMakeFiles/cmTryCompileExec1013433080.dir/link.txt --verbose=1
/usr/bin/cc   -DCHECK_FUNCTION_EXISTS=cblas_ddot    CMakeFiles/cmTryCompileExec1013433080.dir/CheckFunctionExists.c.o  -o cmTryCompileExec1013433080 -rdynamic -latlas -lcblas 
make[1]: ディレクトリ `/MyFolder/dlib-19.4/tools/python/build/CMakeFiles/CMakeTmp' から出ます


